[21/5/2026 15:59:28] === INICIANDO SERVIDOR SISGAN VIEWER ===
[21/5/2026 15:59:28] DbPath: D:\Proyectos\SISGAN_PRO\data
[21/5/2026 15:59:28] ERROR: BD no encontrada: D:\Proyectos\SISGAN_PRO\data
[21/5/2026 15:59:28] Escuchando en puerto 5001...
[21/5/2026 15:59:28] ERROR CRITICO HORSE: Could not bind socket.
[21/5/2026 16:54:05] === SERVIDOR SISGAN VIEWER DETENIDO ===
[21/5/2026 16:54:11] === INICIANDO SERVIDOR SISGAN VIEWER ===
[21/5/2026 16:54:11] DbPath: D:\Proyectos\SISGAN_PRO\data
[21/5/2026 16:54:11] ERROR: BD no encontrada: D:\Proyectos\SISGAN_PRO\data
[21/5/2026 16:54:11] Escuchando en puerto 5001...
[21/5/2026 16:54:11] ERROR CRITICO HORSE: Could not bind socket.
[21/5/2026 16:55:34] === SERVIDOR SISGAN VIEWER DETENIDO ===
[21/5/2026 16:55:51] === INICIANDO SERVIDOR SISGAN VIEWER ===
[21/5/2026 16:55:51] DbPath: D:\Proyectos\SISGAN_PRO\data
[21/5/2026 16:55:51] BD conectada: D:\Proyectos\SISGAN_PRO\data\sisgan_pro.db
[21/5/2026 16:55:51] Escuchando en puerto 5001...
[21/5/2026 17:05:13] === INICIANDO SERVIDOR SISGAN VIEWER ===
[21/5/2026 17:05:13] DbPath: D:\Proyectos\SISGAN_PRO\data
[21/5/2026 17:05:13] BD conectada: D:\Proyectos\SISGAN_PRO\data\sisgan_pro.db
[21/5/2026 17:05:13] Escuchando en puerto 5001...
[21/5/2026 17:05:44] === INICIANDO SERVIDOR SISGAN VIEWER ===
[21/5/2026 17:05:44] DbPath: D:\Proyectos\SISGAN_PRO\data
[21/5/2026 17:05:44] BD conectada: D:\Proyectos\SISGAN_PRO\data\sisgan_pro.db
[21/5/2026 17:05:44] Escuchando en puerto 5001...
[21/5/2026 18:34:49] === SERVIDOR SISGAN VIEWER DETENIDO ===
[22/5/2026 07:47:01] === INICIANDO SERVIDOR SISGAN VIEWER ===
[22/5/2026 07:47:01] DbPath: D:\Proyectos\SISGAN_PRO\data
[22/5/2026 07:47:01] BD conectada: D:\Proyectos\SISGAN_PRO\data\sisgan_pro.db
[22/5/2026 07:47:01] Escuchando en puerto 5001...
[22/5/2026 07:47:01] ERROR CRITICO HORSE: Could not bind socket.
[26/5/2026 13:50:51] === INICIANDO SERVIDOR SISGAN VIEWER ===
[26/5/2026 13:50:51] DbPath: D:\Proyectos\SISGAN_PRO\data
[26/5/2026 13:50:52] BD conectada: D:\Proyectos\SISGAN_PRO\data\sisgan_pro.db
[26/5/2026 13:50:52] Escuchando en puerto 5001...
[26/5/2026 19:48:40] === INICIANDO SERVIDOR SISGAN VIEWER ===
[26/5/2026 19:48:40] DbPath: D:\Proyectos\SISGAN_PRO\data
[26/5/2026 19:48:40] BD conectada: D:\Proyectos\SISGAN_PRO\data\sisgan_pro.db
[26/5/2026 19:48:41] Escuchando en puerto 5001...
[27/5/2026 10:22:02] === INICIANDO SERVIDOR SISGAN VIEWER ===
[27/5/2026 10:22:02] DbPath: D:\Proyectos\SISGAN_PRO\data
[27/5/2026 10:22:02] BD conectada: D:\Proyectos\SISGAN_PRO\data\sisgan_pro.db
[27/5/2026 10:22:02] Escuchando en puerto 5001...
[27/5/2026 13:42:06] === INICIANDO SERVIDOR SISGAN VIEWER ===
[27/5/2026 13:42:06] DbPath: D:\Proyectos\SISGAN_PRO\data
[27/5/2026 13:42:06] BD conectada: D:\Proyectos\SISGAN_PRO\data\sisgan_pro.db
[27/5/2026 13:42:06] Escuchando en puerto 5001...
[27/5/2026 19:21:05] === INICIANDO SERVIDOR SISGAN VIEWER ===
[27/5/2026 19:21:05] DbPath: D:\Proyectos\SISGAN_PRO\data
[27/5/2026 19:21:05] BD conectada: D:\Proyectos\SISGAN_PRO\data\sisgan_pro.db
[27/5/2026 19:21:05] Escuchando en puerto 5001...
[28/5/2026 12:59:43] === INICIANDO SERVIDOR SISGAN VIEWER ===
[28/5/2026 12:59:43] DbPath: D:\Proyectos\SISGAN_PRO\data
[28/5/2026 12:59:43] BD conectada: D:\Proyectos\SISGAN_PRO\data\sisgan_pro.db
[28/5/2026 12:59:43] Escuchando en puerto 5001...
[29/5/2026 14:20:41] === INICIANDO SERVIDOR SISGAN VIEWER ===
[29/5/2026 14:20:41] DbPath: D:\Proyectos\SISGAN_PRO\data
[29/5/2026 14:20:42] BD conectada: D:\Proyectos\SISGAN_PRO\data\sisgan_pro.db
[29/5/2026 14:20:42] Escuchando en puerto 5001...
[29/5/2026 19:23:29] === INICIANDO SERVIDOR SISGAN VIEWER ===
[29/5/2026 19:23:29] DbPath: D:\Proyectos\SISGAN_PRO\data
[29/5/2026 19:23:29] BD conectada: D:\Proyectos\SISGAN_PRO\data\sisgan_pro.db
[29/5/2026 19:23:29] Escuchando en puerto 5001...
[31/5/2026 03:12:03] === INICIANDO SERVIDOR SISGAN VIEWER ===
[31/5/2026 03:12:03] DbPath: D:\Proyectos\SISGAN_PRO\data
[31/5/2026 03:12:04] BD conectada: D:\Proyectos\SISGAN_PRO\data\sisgan_pro.db
[31/5/2026 03:12:04] Escuchando en puerto 5001...
[31/5/2026 17:15:36] === SERVIDOR SISGAN VIEWER DETENIDO ===
[31/5/2026 17:15:42] === INICIANDO SERVIDOR SISGAN VIEWER ===
[31/5/2026 17:15:42] DbPath: D:\Proyectos\SISGAN_PRO\data
[31/5/2026 17:15:42] BD conectada: D:\Proyectos\SISGAN_PRO\data\sisgan_pro.db
[31/5/2026 17:15:42] Escuchando en puerto 5001...
[31/5/2026 17:17:03] === INICIANDO SERVIDOR SISGAN VIEWER ===
[31/5/2026 17:17:03] DbPath: D:\Proyectos\SISGAN_PRO\data
[31/5/2026 17:17:03] BD conectada: D:\Proyectos\SISGAN_PRO\data\sisgan_pro.db
[31/5/2026 17:17:03] Escuchando en puerto 5001...
[31/5/2026 17:18:25] === SERVIDOR SISGAN VIEWER DETENIDO ===
[31/5/2026 17:18:32] === INICIANDO SERVIDOR SISGAN VIEWER ===
[31/5/2026 17:18:32] DbPath: D:\Proyectos\SISGAN_PRO\data
[31/5/2026 17:18:32] BD conectada: D:\Proyectos\SISGAN_PRO\data\sisgan_pro.db
[31/5/2026 17:18:32] Escuchando en puerto 5001...
[31/5/2026 17:18:45] === SERVIDOR SISGAN VIEWER DETENIDO ===
[31/5/2026 17:18:58] === INICIANDO SERVIDOR SISGAN VIEWER ===
[31/5/2026 17:18:58] DbPath: D:\Proyectos\SISGAN_PRO\data
[31/5/2026 17:18:58] BD conectada: D:\Proyectos\SISGAN_PRO\data\sisgan_pro.db
[31/5/2026 17:18:58] Escuchando en puerto 5001...
[31/5/2026 17:19:38] === SERVIDOR SISGAN VIEWER DETENIDO ===
[31/5/2026 17:19:44] === INICIANDO SERVIDOR SISGAN VIEWER ===
[31/5/2026 17:19:44] DbPath: D:\Proyectos\SISGAN_PRO\data
[31/5/2026 17:19:44] BD conectada: D:\Proyectos\SISGAN_PRO\data\sisgan_pro.db
[31/5/2026 17:19:44] Escuchando en puerto 5001...
[31/5/2026 17:20:11] === SERVIDOR SISGAN VIEWER DETENIDO ===
[31/5/2026 17:20:18] === INICIANDO SERVIDOR SISGAN VIEWER ===
[31/5/2026 17:20:18] DbPath: D:\Proyectos\SISGAN_PRO\data
[31/5/2026 17:20:18] BD conectada: D:\Proyectos\SISGAN_PRO\data\sisgan_pro.db
[31/5/2026 17:20:18] Escuchando en puerto 5001...
[31/5/2026 17:21:17] === SERVIDOR SISGAN VIEWER DETENIDO ===
[31/5/2026 17:21:23] === INICIANDO SERVIDOR SISGAN VIEWER ===
[31/5/2026 17:21:23] DbPath: D:\Proyectos\SISGAN_PRO\data
[31/5/2026 17:21:23] BD conectada: D:\Proyectos\SISGAN_PRO\data\sisgan_pro.db
[31/5/2026 17:21:23] Escuchando en puerto 5001...
[31/5/2026 17:22:07] === SERVIDOR SISGAN VIEWER DETENIDO ===
[31/5/2026 17:22:14] === INICIANDO SERVIDOR SISGAN VIEWER ===
[31/5/2026 17:22:14] DbPath: D:\Proyectos\SISGAN_PRO\data
[31/5/2026 17:22:14] BD conectada: D:\Proyectos\SISGAN_PRO\data\sisgan_pro.db
[31/5/2026 17:22:14] Escuchando en puerto 5001...
[31/5/2026 17:31:28] === SERVIDOR SISGAN VIEWER DETENIDO ===
[31/5/2026 17:31:45] === INICIANDO SERVIDOR SISGAN VIEWER ===
[31/5/2026 17:31:45] DbPath: D:\Proyectos\SISGAN_PRO\data
[31/5/2026 17:31:45] BD conectada: D:\Proyectos\SISGAN_PRO\data\sisgan_pro.db
[31/5/2026 17:31:45] Escuchando en puerto 5001...
[31/5/2026 17:40:22] === SERVIDOR SISGAN VIEWER DETENIDO ===
[31/5/2026 17:40:27] === INICIANDO SERVIDOR SISGAN VIEWER ===
[31/5/2026 17:40:27] DbPath: D:\Proyectos\SISGAN_PRO\data
[31/5/2026 17:40:27] BD conectada: D:\Proyectos\SISGAN_PRO\data\sisgan_pro.db
[31/5/2026 17:40:27] Escuchando en puerto 5001...
[31/5/2026 17:43:24] === SERVIDOR SISGAN VIEWER DETENIDO ===
[31/5/2026 17:43:29] === INICIANDO SERVIDOR SISGAN VIEWER ===
[31/5/2026 17:43:29] DbPath: D:\Proyectos\SISGAN_PRO\data
[31/5/2026 17:43:29] BD conectada: D:\Proyectos\SISGAN_PRO\data\sisgan_pro.db
[31/5/2026 17:43:29] Escuchando en puerto 5001...
[31/5/2026 18:17:19] === SERVIDOR SISGAN VIEWER DETENIDO ===
[31/5/2026 18:17:24] === INICIANDO SERVIDOR SISGAN VIEWER ===
[31/5/2026 18:17:24] DbPath: D:\Proyectos\SISGAN_PRO\data
[31/5/2026 18:17:24] BD conectada: D:\Proyectos\SISGAN_PRO\data\sisgan_pro.db
[31/5/2026 18:17:24] Escuchando en puerto 5001...
[31/5/2026 18:54:45] === SERVIDOR SISGAN VIEWER DETENIDO ===
[31/5/2026 18:54:51] === INICIANDO SERVIDOR SISGAN VIEWER ===
[31/5/2026 18:54:51] DbPath: D:\Proyectos\SISGAN_PRO\data
[31/5/2026 18:54:51] BD conectada: D:\Proyectos\SISGAN_PRO\data\sisgan_pro.db
[31/5/2026 18:54:51] Escuchando en puerto 5001...
[1/6/2026 13:31:47] === INICIANDO SERVIDOR SISGAN VIEWER ===
[1/6/2026 13:31:47] DbPath: D:\Proyectos\SISGAN_PRO\data
[1/6/2026 13:31:47] BD conectada: D:\Proyectos\SISGAN_PRO\data\sisgan_pro.db
[1/6/2026 13:31:47] Escuchando en puerto 5001...
[1/6/2026 13:31:47] ERROR CRITICO HORSE: Could not bind socket.
[1/6/2026 13:32:46] === SERVIDOR SISGAN VIEWER DETENIDO ===
[1/6/2026 13:32:52] === INICIANDO SERVIDOR SISGAN VIEWER ===
[1/6/2026 13:32:52] DbPath: D:\Proyectos\SISGAN_PRO\data
[1/6/2026 13:32:52] BD conectada: D:\Proyectos\SISGAN_PRO\data\sisgan_pro.db
[1/6/2026 13:32:52] Escuchando en puerto 5001...
[1/6/2026 13:32:52] ERROR CRITICO HORSE: Could not bind socket.
[1/6/2026 13:33:36] === SERVIDOR SISGAN VIEWER DETENIDO ===
[1/6/2026 13:33:41] === INICIANDO SERVIDOR SISGAN VIEWER ===
[1/6/2026 13:33:41] DbPath: D:\Proyectos\SISGAN_PRO\data
[1/6/2026 13:33:41] BD conectada: D:\Proyectos\SISGAN_PRO\data\sisgan_pro.db
[1/6/2026 13:33:41] Escuchando en puerto 5001...
[1/6/2026 14:37:47] === INICIANDO SERVIDOR SISGAN VIEWER ===
[1/6/2026 14:37:47] DbPath: D:\Proyectos\SISGAN_PRO\data
[1/6/2026 14:37:47] BD conectada: D:\Proyectos\SISGAN_PRO\data\sisgan_pro.db
[1/6/2026 14:37:48] Escuchando en puerto 5001...
[2/6/2026 11:45:53] === SERVIDOR SISGAN VIEWER DETENIDO ===
[2/6/2026 11:45:59] === INICIANDO SERVIDOR SISGAN VIEWER ===
[2/6/2026 11:45:59] DbPath: D:\Proyectos\SISGAN_PRO\data
[2/6/2026 11:46:00] BD conectada: D:\Proyectos\SISGAN_PRO\data\sisgan_pro.db
[2/6/2026 11:46:00] Escuchando en puerto 5001...
[2/6/2026 11:52:43] === SERVIDOR SISGAN VIEWER DETENIDO ===
[2/6/2026 11:52:48] === INICIANDO SERVIDOR SISGAN VIEWER ===
[2/6/2026 11:52:48] DbPath: D:\Proyectos\SISGAN_PRO\data
[2/6/2026 11:52:48] BD conectada: D:\Proyectos\SISGAN_PRO\data\sisgan_pro.db
[2/6/2026 11:52:48] Escuchando en puerto 5001...
